<?xml version="1.0" encoding="UTF-8"?>
<testng-results ignored="0" total="1" passed="1" failed="0" skipped="0">
  <reporter-output>
  </reporter-output>
  <suite started-at="2022-08-03T16:08:59 IST" name="Suite" finished-at="2022-08-03T16:09:29 IST" duration-ms="29948">
    <groups>
    </groups>
    <test started-at="2022-08-03T16:08:59 IST" name="Test" finished-at="2022-08-03T16:09:29 IST" duration-ms="29948">
      <class name="com.guru99.tests.LoginTests">
        <test-method is-config="true" signature="preSetup()[pri:0, instance:com.guru99.tests.LoginTests@7714e963]" started-at="2022-08-03T16:08:59 IST" name="preSetup" finished-at="2022-08-03T16:08:59 IST" duration-ms="638" status="PASS">
          <reporter-output>
          </reporter-output>
        </test-method> <!-- preSetup -->
        <test-method is-config="true" signature="setUp()[pri:0, instance:com.guru99.tests.LoginTests@7714e963]" started-at="2022-08-03T16:08:59 IST" name="setUp" finished-at="2022-08-03T16:09:21 IST" duration-ms="21080" status="PASS">
          <reporter-output>
          </reporter-output>
        </test-method> <!-- setUp -->
        <test-method signature="verifyUserLoginWithCorrectCredentials(java.lang.String,java.lang.String)[pri:0, instance:com.guru99.tests.LoginTests@7714e963]" started-at="2022-08-03T16:09:21 IST" name="verifyUserLoginWithCorrectCredentials" finished-at="2022-08-03T16:09:29 IST" duration-ms="8074" status="PASS">
          <params>
            <param index="0">
              <value>
                <![CDATA[mngr427870]]>
              </value>
            </param>
            <param index="1">
              <value>
                <![CDATA[sarErUs]]>
              </value>
            </param>
          </params>
          <reporter-output>
          </reporter-output>
        </test-method> <!-- verifyUserLoginWithCorrectCredentials -->
        <test-method is-config="true" signature="postTestAtion(org.testng.ITestResult)[pri:0, instance:com.guru99.tests.LoginTests@7714e963]" started-at="2022-08-03T16:09:29 IST" name="postTestAtion" finished-at="2022-08-03T16:09:29 IST" duration-ms="3" status="PASS">
          <params>
            <param index="0">
              <value>
                <![CDATA[[TestResult name=verifyUserLoginWithCorrectCredentials status=SUCCESS method=LoginTests.verifyUserLoginWithCorrectCredentials(java.lang.String,java.lang.String)[pri:0, instance:com.guru99.tests.LoginTests@7714e963] output={null}]]]>
              </value>
            </param>
          </params>
          <reporter-output>
          </reporter-output>
        </test-method> <!-- postTestAtion -->
        <test-method is-config="true" signature="tearDown()[pri:0, instance:com.guru99.tests.LoginTests@7714e963]" started-at="2022-08-03T16:09:29 IST" name="tearDown" finished-at="2022-08-03T16:09:29 IST" duration-ms="681" status="PASS">
          <reporter-output>
          </reporter-output>
        </test-method> <!-- tearDown -->
        <test-method is-config="true" signature="postTearDown()[pri:0, instance:com.guru99.tests.LoginTests@7714e963]" started-at="2022-08-03T16:09:29 IST" name="postTearDown" finished-at="2022-08-03T16:09:31 IST" duration-ms="1499" status="PASS">
          <reporter-output>
          </reporter-output>
        </test-method> <!-- postTearDown -->
      </class> <!-- com.guru99.tests.LoginTests -->
    </test> <!-- Test -->
  </suite> <!-- Suite -->
</testng-results>
