<?xml version="1.0" encoding="UTF-8"?>
<testng-results ignored="0" total="1" passed="1" failed="0" skipped="0">
  <reporter-output>
  </reporter-output>
  <suite started-at="2022-08-03T16:04:47 IST" name="Suite" finished-at="2022-08-03T16:05:11 IST" duration-ms="23762">
    <groups>
    </groups>
    <test started-at="2022-08-03T16:04:47 IST" name="Test" finished-at="2022-08-03T16:05:11 IST" duration-ms="23762">
      <class name="com.guru99.tests.LoginTests">
        <test-method is-config="true" signature="preSetup()[pri:0, instance:com.guru99.tests.LoginTests@2b662a77]" started-at="2022-08-03T16:04:47 IST" name="preSetup" finished-at="2022-08-03T16:04:47 IST" duration-ms="709" status="PASS">
          <reporter-output>
          </reporter-output>
        </test-method> <!-- preSetup -->
        <test-method is-config="true" signature="setUp()[pri:0, instance:com.guru99.tests.LoginTests@2b662a77]" started-at="2022-08-03T16:04:48 IST" name="setUp" finished-at="2022-08-03T16:05:01 IST" duration-ms="13038" status="PASS">
          <reporter-output>
          </reporter-output>
        </test-method> <!-- setUp -->
        <test-method signature="verifyUserLoginWithCorrectCredentials(java.lang.String,java.lang.String)[pri:0, instance:com.guru99.tests.LoginTests@2b662a77]" started-at="2022-08-03T16:05:01 IST" name="verifyUserLoginWithCorrectCredentials" finished-at="2022-08-03T16:05:11 IST" duration-ms="10189" status="PASS">
          <params>
            <param index="0">
              <value>
                <![CDATA[mngr427870]]>
              </value>
            </param>
            <param index="1">
              <value>
                <![CDATA[sarErUs]]>
              </value>
            </param>
          </params>
          <reporter-output>
          </reporter-output>
        </test-method> <!-- verifyUserLoginWithCorrectCredentials -->
        <test-method is-config="true" signature="postTestAtion(org.testng.ITestResult)[pri:0, instance:com.guru99.tests.LoginTests@2b662a77]" started-at="2022-08-03T16:05:11 IST" name="postTestAtion" finished-at="2022-08-03T16:05:11 IST" duration-ms="5" status="PASS">
          <params>
            <param index="0">
              <value>
                <![CDATA[[TestResult name=verifyUserLoginWithCorrectCredentials status=SUCCESS method=LoginTests.verifyUserLoginWithCorrectCredentials(java.lang.String,java.lang.String)[pri:0, instance:com.guru99.tests.LoginTests@2b662a77] output={null}]]]>
              </value>
            </param>
          </params>
          <reporter-output>
          </reporter-output>
        </test-method> <!-- postTestAtion -->
        <test-method is-config="true" signature="tearDown()[pri:0, instance:com.guru99.tests.LoginTests@2b662a77]" started-at="2022-08-03T16:05:11 IST" name="tearDown" finished-at="2022-08-03T16:05:11 IST" duration-ms="371" status="PASS">
          <reporter-output>
          </reporter-output>
        </test-method> <!-- tearDown -->
        <test-method is-config="true" signature="postTearDown()[pri:0, instance:com.guru99.tests.LoginTests@2b662a77]" started-at="2022-08-03T16:05:11 IST" name="postTearDown" finished-at="2022-08-03T16:05:12 IST" duration-ms="377" status="PASS">
          <reporter-output>
          </reporter-output>
        </test-method> <!-- postTearDown -->
      </class> <!-- com.guru99.tests.LoginTests -->
    </test> <!-- Test -->
  </suite> <!-- Suite -->
</testng-results>
